2018-11-22 10:33:58,213 - root - INFO - *************************TEST START*************************
2018-11-22 10:33:58,213 - root - INFO - **************************************************
2018-11-22 10:33:58,213 - root - INFO - search_resume测试
2018-11-22 10:33:58,214 - root - INFO - 请求的地址为：http://crm.mofanghr.com/member/resume/list.json
2018-11-22 10:33:58,214 - root - INFO - 请求的Header为：{'cookie': 'accountToken=yangsonglin@mofanghr.com|A2F2220D9F4B86EB283410E03A6C88D6'}
2018-11-22 10:33:58,214 - root - INFO - 请求方法为 post
2018-11-22 10:33:58,914 - root - INFO - 断言结果是 Pass---->OK
2018-11-22 10:33:58,916 - root - INFO - **************************************************
2018-11-22 10:33:58,917 - root - INFO - search_resume测试
2018-11-22 10:33:58,918 - root - INFO - 请求的地址为：http://crm.mofanghr.com/member/resume/list.json
2018-11-22 10:33:58,918 - root - INFO - 请求的Header为：{'cookie': 'accountToken=yangsonglin@mofanghr.com|A2F2220D9F4B86EB283410E03A6C88D7'}
2018-11-22 10:33:58,919 - root - INFO - 请求方法为 post
2018-11-22 10:33:58,992 - root - ERROR - Expecting value: line 3 column 1 (char 2)
2018-11-22 10:33:58,992 - root - INFO - 断言结果是 False--原因-->cookie错误
2018-11-22 10:33:58,993 - root - INFO - **************************************************
2018-11-22 10:33:58,993 - root - INFO - search_resume测试
2018-11-22 10:33:58,994 - root - INFO - 请求的地址为：http://crm.mofanghr.com/member/resume/list.json
2018-11-22 10:33:58,994 - root - INFO - 请求的Header为：{'cookie': ''}
2018-11-22 10:33:58,994 - root - INFO - 请求方法为 post
2018-11-22 10:33:59,052 - root - ERROR - Expecting value: line 3 column 1 (char 2)
2018-11-22 10:33:59,053 - root - INFO - 断言结果是 False--原因-->没有登录
2018-11-22 10:33:59,054 - root - INFO - *************************TEST END*************************
2018-11-22 10:34:01,619 - root - INFO - The test report has send to developer by email.
